<?xml version="1.0" encoding="utf-8" standalone="no"?>
<!--This file represents the results of running a test suite-->
<test-results name="/Users/ash/repos/ash/oats/build/Oats.Tests/bin/Debug/Oats.Tests.dll" total="5" errors="0" failures="0" not-run="0" inconclusive="0" ignored="0" skipped="0" invalid="0" date="2014-05-14" time="22:12:45">
  <environment nunit-version="2.6.3.13283" clr-version="2.0.50727.1433" os-version="Unix 13.1.0.0" platform="Unix" cwd="/Users/ash/repos/ash/oats/scripts" machine-name="pooky.local" user="ash" user-domain="pooky.local" />
  <culture-info current-culture="en-GB" current-uiculture="en-GB" />
  <test-suite type="Assembly" name="/Users/ash/repos/ash/oats/build/Oats.Tests/bin/Debug/Oats.Tests.dll" executed="True" result="Success" success="True" time="0.070" asserts="0">
    <results>
      <test-suite type="Namespace" name="Oats" executed="True" result="Success" success="True" time="0.064" asserts="0">
        <results>
          <test-suite type="Namespace" name="Tests" executed="True" result="Success" success="True" time="0.064" asserts="0">
            <results>
              <test-suite type="TestFixture" name="Tests" executed="True" result="Success" success="True" time="0.063" asserts="0">
                <results>
                  <test-case name="Oats.Tests.Tests.TestArraySerialiserPolymorphic" executed="True" result="Success" success="True" time="0.030" asserts="15" />
                  <test-case name="Oats.Tests.Tests.TestAutoRegisterListSerialiser" executed="True" result="Success" success="True" time="0.003" asserts="1" />
                  <test-case name="Oats.Tests.Tests.TestCustomStream" executed="True" result="Success" success="True" time="0.005" asserts="1" />
                  <test-case name="Oats.Tests.Tests.TestShaderSamplerDefinitionSerialiser" executed="True" result="Success" success="True" time="0.001" asserts="1" />
                  <test-case name="Oats.Tests.Tests.TestStringSerialiser" executed="True" result="Success" success="True" time="0.008" asserts="7" />
                </results>
              </test-suite>
            </results>
          </test-suite>
        </results>
      </test-suite>
    </results>
  </test-suite>
</test-results>